<Book localDictionary="">
  <Section name="workspace">
      <Section name="section1">
          <Content grade="0" name="1">
            <Versions>
              <TextChunk/>
            </Versions>
          </Content>
          <Content grade="0" name="2">
            <Versions>
              <TextChunk/>
            </Versions>
          </Content>
      </Section>
      <Section name="section2">
          <Content grade="0" name="1">
            <Versions>
              <TextChunk/>
            </Versions>
          </Content>
      </Section>
  </Section>
</Book>
